<?xml version="1.0" encoding="UTF-8"?>
<!-- Generated by org.testng.reporters.JUnitXMLReporter -->
<testsuite hostname="MLC02F62ECMD6N.cardinalhealth.net" ignored="0" name="Connect Platform Test" tests="5" failures="0" timestamp="2022-02-24T02:19:04 IST" time="230.555" errors="0">
  <testcase name="browserdisplay_Validation" time="13.393" classname="com.ch.tests.ResourcesPageTest"/>
  <testcase name="cmrworkflowpdfdisplay_Validation" time="22.546" classname="com.ch.tests.ResourcesPageTest"/>
  <testcase name="cmrworksheetpdfdisplay_Validation" time="20.213" classname="com.ch.tests.ResourcesPageTest"/>
  <testcase name="mainmenu_Validation" time="11.786" classname="com.ch.tests.ResourcesPageTest"/>
  <testcase name="mtmworkflowpdfdisplay_Validation" time="20.242" classname="com.ch.tests.ResourcesPageTest"/>
</testsuite> <!-- Connect Platform Test -->
